This is pdfTeX, Version 3.1415926-2.4-1.40.13 (TeX Live 2012) (format=pdflatex 2012.12.11)  29 OCT 2013 11:14
entering extended mode
 \write18 enabled.
 %&-line parsing enabled.
**bare_conf.tex
(./bare_conf.tex
LaTeX2e <2011/06/27>
Babel <v3.8m> and hyphenation patterns for english, dumylang, nohyphenation, ge
rman-x-2012-05-30, ngerman-x-2012-05-30, afrikaans, ancientgreek, ibycus, arabi
c, armenian, basque, bulgarian, catalan, pinyin, coptic, croatian, czech, danis
h, dutch, ukenglish, usenglishmax, esperanto, estonian, ethiopic, farsi, finnis
h, french, friulan, galician, german, ngerman, swissgerman, monogreek, greek, h
ungarian, icelandic, assamese, bengali, gujarati, hindi, kannada, malayalam, ma
rathi, oriya, panjabi, tamil, telugu, indonesian, interlingua, irish, italian, 
kurmanji, latin, latvian, lithuanian, mongolian, mongolianlmc, bokmal, nynorsk,
 polish, portuguese, romanian, romansh, russian, sanskrit, serbian, serbianc, s
lovak, slovenian, spanish, swedish, turkish, turkmen, ukrainian, uppersorbian, 
welsh, loaded.
(./IEEEtran.cls
Document Class: IEEEtran 2012/11/21 V1.8c by Harald Hanche-Olsen and Anders Chr
istensen
-- Based on V1.7a by Michael Shell
-- See the "IEEEtran_HOWTO" manual for usage information.
-- http://www.michaelshell.org/tex/ieeetran/
\@IEEEtrantmpdimenA=\dimen102
\@IEEEtrantmpdimenB=\dimen103
\@IEEEtrantmpcountA=\count79
\@IEEEtrantmpcountB=\count80
\@IEEEtrantmptoksA=\toks14
LaTeX Font Info:    Try loading font information for OT1+ptm on input line 373.

(/usr/local/texlive/2012/texmf-dist/tex/latex/psnfss/ot1ptm.fd
File: ot1ptm.fd 2001/06/04 font definitions for OT1/ptm.
)
-- Using 8.5in x 11in (letter) paper.
-- Using PDF output.
\@IEEEnormalsizeunitybaselineskip=\dimen104
-- This is a 10 point document.
\CLASSINFOnormalsizebaselineskip=\dimen105
\CLASSINFOnormalsizeunitybaselineskip=\dimen106
\IEEEnormaljot=\dimen107
LaTeX Font Info:    Font shape `OT1/ptm/bx/n' in size <5> not available
(Font)              Font shape `OT1/ptm/b/n' tried instead on input line 731.
LaTeX Font Info:    Font shape `OT1/ptm/bx/it' in size <5> not available
(Font)              Font shape `OT1/ptm/b/it' tried instead on input line 731.
LaTeX Font Info:    Font shape `OT1/ptm/bx/n' in size <7> not available
(Font)              Font shape `OT1/ptm/b/n' tried instead on input line 731.
LaTeX Font Info:    Font shape `OT1/ptm/bx/it' in size <7> not available
(Font)              Font shape `OT1/ptm/b/it' tried instead on input line 731.
LaTeX Font Info:    Font shape `OT1/ptm/bx/n' in size <8> not available
(Font)              Font shape `OT1/ptm/b/n' tried instead on input line 731.
LaTeX Font Info:    Font shape `OT1/ptm/bx/it' in size <8> not available
(Font)              Font shape `OT1/ptm/b/it' tried instead on input line 731.
LaTeX Font Info:    Font shape `OT1/ptm/bx/n' in size <9> not available
(Font)              Font shape `OT1/ptm/b/n' tried instead on input line 731.
LaTeX Font Info:    Font shape `OT1/ptm/bx/it' in size <9> not available
(Font)              Font shape `OT1/ptm/b/it' tried instead on input line 731.
LaTeX Font Info:    Font shape `OT1/ptm/bx/n' in size <10> not available
(Font)              Font shape `OT1/ptm/b/n' tried instead on input line 731.
LaTeX Font Info:    Font shape `OT1/ptm/bx/it' in size <10> not available
(Font)              Font shape `OT1/ptm/b/it' tried instead on input line 731.
LaTeX Font Info:    Font shape `OT1/ptm/bx/n' in size <11> not available
(Font)              Font shape `OT1/ptm/b/n' tried instead on input line 731.
LaTeX Font Info:    Font shape `OT1/ptm/bx/it' in size <11> not available
(Font)              Font shape `OT1/ptm/b/it' tried instead on input line 731.
LaTeX Font Info:    Font shape `OT1/ptm/bx/n' in size <12> not available
(Font)              Font shape `OT1/ptm/b/n' tried instead on input line 731.
LaTeX Font Info:    Font shape `OT1/ptm/bx/it' in size <12> not available
(Font)              Font shape `OT1/ptm/b/it' tried instead on input line 731.
LaTeX Font Info:    Font shape `OT1/ptm/bx/n' in size <17> not available
(Font)              Font shape `OT1/ptm/b/n' tried instead on input line 731.
LaTeX Font Info:    Font shape `OT1/ptm/bx/it' in size <17> not available
(Font)              Font shape `OT1/ptm/b/it' tried instead on input line 731.
LaTeX Font Info:    Font shape `OT1/ptm/bx/n' in size <20> not available
(Font)              Font shape `OT1/ptm/b/n' tried instead on input line 731.
LaTeX Font Info:    Font shape `OT1/ptm/bx/it' in size <20> not available
(Font)              Font shape `OT1/ptm/b/it' tried instead on input line 731.
LaTeX Font Info:    Font shape `OT1/ptm/bx/n' in size <24> not available
(Font)              Font shape `OT1/ptm/b/n' tried instead on input line 731.
LaTeX Font Info:    Font shape `OT1/ptm/bx/it' in size <24> not available
(Font)              Font shape `OT1/ptm/b/it' tried instead on input line 731.
\IEEEilabelindentA=\dimen108
\IEEEilabelindentB=\dimen109
\IEEEilabelindent=\dimen110
\IEEEelabelindent=\dimen111
\IEEEdlabelindent=\dimen112
\IEEElabelindent=\dimen113
\IEEEiednormlabelsep=\dimen114
\IEEEiedmathlabelsep=\dimen115
\IEEEiedtopsep=\skip41
\c@section=\count81
\c@subsection=\count82
\c@subsubsection=\count83
\c@paragraph=\count84
\c@IEEEsubequation=\count85
\abovecaptionskip=\skip42
\belowcaptionskip=\skip43
\c@figure=\count86
\c@table=\count87
\@IEEEeqnnumcols=\count88
\@IEEEeqncolcnt=\count89
\@IEEEtmpitemindent=\dimen116
\c@IEEEbiography=\count90
\@IEEEtranrubishbin=\box26
) (/usr/local/texlive/2012/texmf-dist/tex/latex/graphics/graphicx.sty
Package: graphicx 1999/02/16 v1.0f Enhanced LaTeX Graphics (DPC,SPQR)

(/usr/local/texlive/2012/texmf-dist/tex/latex/graphics/keyval.sty
Package: keyval 1999/03/16 v1.13 key=value parser (DPC)
\KV@toks@=\toks15
)
(/usr/local/texlive/2012/texmf-dist/tex/latex/graphics/graphics.sty
Package: graphics 2009/02/05 v1.0o Standard LaTeX Graphics (DPC,SPQR)

(/usr/local/texlive/2012/texmf-dist/tex/latex/graphics/trig.sty
Package: trig 1999/03/16 v1.09 sin cos tan (DPC)
)
(/usr/local/texlive/2012/texmf-dist/tex/latex/latexconfig/graphics.cfg
File: graphics.cfg 2010/04/23 v1.9 graphics configuration of TeX Live
)
Package graphics Info: Driver file: pdftex.def on input line 91.

(/usr/local/texlive/2012/texmf-dist/tex/latex/pdftex-def/pdftex.def
File: pdftex.def 2011/05/27 v0.06d Graphics/color for pdfTeX

(/usr/local/texlive/2012/texmf-dist/tex/generic/oberdiek/infwarerr.sty
Package: infwarerr 2010/04/08 v1.3 Providing info/warning/error messages (HO)
)
(/usr/local/texlive/2012/texmf-dist/tex/generic/oberdiek/ltxcmds.sty
Package: ltxcmds 2011/11/09 v1.22 LaTeX kernel commands for general use (HO)
)
\Gread@gobject=\count91
))
\Gin@req@height=\dimen117
\Gin@req@width=\dimen118
)
(/usr/local/texlive/2012/texmf-dist/tex/latex/subfig/subfig.sty
Package: subfig 2005/06/28 ver: 1.3 subfig package

(/usr/local/texlive/2012/texmf-dist/tex/latex/caption/caption3.sty
Package: caption3 2012/01/12 v1.4b caption3 kernel (AR)
\captionmargin=\dimen119
\captionmargin@=\dimen120
\captionwidth=\dimen121
\caption@indent=\dimen122
\caption@parindent=\dimen123
\caption@hangindent=\dimen124
Package caption Info: Unknown document class (or package),
(caption)             standard defaults will be used.
)
\c@KVtest=\count92
\sf@farskip=\skip44
\sf@captopadj=\dimen125
\sf@capskip=\skip45
\sf@nearskip=\skip46
\c@subfigure=\count93
\c@subfigure@save=\count94
\c@lofdepth=\count95
\c@subtable=\count96
\c@subtable@save=\count97
\c@lotdepth=\count98
\sf@top=\skip47
\sf@bottom=\skip48
)
(./bare_conf.aux)
\openout1 = `bare_conf.aux'.

LaTeX Font Info:    Checking defaults for OML/cmm/m/it on input line 351.
LaTeX Font Info:    ... okay on input line 351.
LaTeX Font Info:    Checking defaults for T1/cmr/m/n on input line 351.
LaTeX Font Info:    ... okay on input line 351.
LaTeX Font Info:    Checking defaults for OT1/cmr/m/n on input line 351.
LaTeX Font Info:    ... okay on input line 351.
LaTeX Font Info:    Checking defaults for OMS/cmsy/m/n on input line 351.
LaTeX Font Info:    ... okay on input line 351.
LaTeX Font Info:    Checking defaults for OMX/cmex/m/n on input line 351.
LaTeX Font Info:    ... okay on input line 351.
LaTeX Font Info:    Checking defaults for U/cmr/m/n on input line 351.
LaTeX Font Info:    ... okay on input line 351.

(/usr/local/texlive/2012/texmf-dist/tex/context/base/supp-pdf.mkii
[Loading MPS to PDF converter (version 2006.09.02).]
\scratchcounter=\count99
\scratchdimen=\dimen126
\scratchbox=\box27
\nofMPsegments=\count100
\nofMParguments=\count101
\everyMPshowfont=\toks16
\MPscratchCnt=\count102
\MPscratchDim=\dimen127
\MPnumerator=\count103
\makeMPintoPDFobject=\count104
\everyMPtoPDFconversion=\toks17
) (/usr/local/texlive/2012/texmf-dist/tex/generic/oberdiek/pdftexcmds.sty
Package: pdftexcmds 2011/11/29 v0.20 Utility functions of pdfTeX for LuaTeX (HO
)

(/usr/local/texlive/2012/texmf-dist/tex/generic/oberdiek/ifluatex.sty
Package: ifluatex 2010/03/01 v1.3 Provides the ifluatex switch (HO)
Package ifluatex Info: LuaTeX not detected.
)
(/usr/local/texlive/2012/texmf-dist/tex/generic/oberdiek/ifpdf.sty
Package: ifpdf 2011/01/30 v2.3 Provides the ifpdf switch (HO)
Package ifpdf Info: pdfTeX in PDF mode is detected.
)
Package pdftexcmds Info: LuaTeX not detected.
Package pdftexcmds Info: \pdf@primitive is available.
Package pdftexcmds Info: \pdf@ifprimitive is available.
Package pdftexcmds Info: \pdfdraftmode found.
)
(/usr/local/texlive/2012/texmf-dist/tex/latex/oberdiek/epstopdf-base.sty
Package: epstopdf-base 2010/02/09 v2.5 Base part for package epstopdf

(/usr/local/texlive/2012/texmf-dist/tex/latex/oberdiek/grfext.sty
Package: grfext 2010/08/19 v1.1 Manage graphics extensions (HO)

(/usr/local/texlive/2012/texmf-dist/tex/generic/oberdiek/kvdefinekeys.sty
Package: kvdefinekeys 2011/04/07 v1.3 Define keys (HO)
))
(/usr/local/texlive/2012/texmf-dist/tex/latex/oberdiek/kvoptions.sty
Package: kvoptions 2011/06/30 v3.11 Key value format for package options (HO)

(/usr/local/texlive/2012/texmf-dist/tex/generic/oberdiek/kvsetkeys.sty
Package: kvsetkeys 2012/04/25 v1.16 Key value parser (HO)

(/usr/local/texlive/2012/texmf-dist/tex/generic/oberdiek/etexcmds.sty
Package: etexcmds 2011/02/16 v1.5 Avoid name clashes with e-TeX commands (HO)
Package etexcmds Info: Could not find \expanded.
(etexcmds)             That can mean that you are not using pdfTeX 1.50 or
(etexcmds)             that some package has redefined \expanded.
(etexcmds)             In the latter case, load this package earlier.
)))
Package grfext Info: Graphics extension search list:
(grfext)             [.png,.pdf,.jpg,.mps,.jpeg,.jbig2,.jb2,.PNG,.PDF,.JPG,.JPE
G,.JBIG2,.JB2,.eps]
(grfext)             \AppendGraphicsExtensions on input line 452.

(/usr/local/texlive/2012/texmf-dist/tex/latex/latexconfig/epstopdf-sys.cfg
File: epstopdf-sys.cfg 2010/07/13 v1.3 Configuration of (r)epstopdf for TeX Liv
e
))
Package caption Info: Begin \AtBeginDocument code.
Package caption Info: subfig package v1.3 is loaded.
Package caption Info: End \AtBeginDocument code.

[1{/usr/local/texlive/2012/texmf-var/fonts/map/pdftex/updmap/pdftex.map}


]
LaTeX Font Info:    External font `cmex10' loaded for size
(Font)              <7> on input line 489.
LaTeX Font Info:    External font `cmex10' loaded for size
(Font)              <5> on input line 489.

Underfull \hbox (badness 10000) in paragraph at lines 491--492

 []

<data/retweetCount.jpg, id=9, 904.37875pt x 549.05125pt>
File: data/retweetCount.jpg Graphic file (type jpg)

<use data/retweetCount.jpg>
Package pdftex.def Info: data/retweetCount.jpg used on input line 501.
(pdftex.def)             Requested size: 262.04987pt x 159.08673pt.

Overfull \hbox (9.0pt too wide) in paragraph at lines 501--502
[][] 
 []

Package epstopdf Info: Source file: <data/degreesDistribution.eps>
(epstopdf)                    date: 2013-07-26 16:13:42
(epstopdf)                    size: 379029 bytes
(epstopdf)             Output file: <data/degreesDistribution-eps-converted-to.
pdf>
(epstopdf)                    date: 2013-08-29 15:36:32
(epstopdf)                    size: 82990 bytes
(epstopdf)             Command: <epstopdf --outfile=data/degreesDistribution-ep
s-converted-to.pdf data/degreesDistribution.eps>
(epstopdf)             \includegraphics on input line 508.
Package epstopdf Info: Output file is already uptodate.
<data/degreesDistribution-eps-converted-to.pdf, id=10, 682.55pt x 481.8pt>
File: data/degreesDistribution-eps-converted-to.pdf Graphic file (type pdf)

<use data/degreesDistribution-eps-converted-to.pdf>
Package pdftex.def Info: data/degreesDistribution-eps-converted-to.pdf used on 
input line 508.
(pdftex.def)             Requested size: 262.04987pt x 184.97527pt.

Overfull \hbox (9.0pt too wide) in paragraph at lines 508--509
[][] 
 []


LaTeX Warning: `h' float specifier changed to `ht'.

<data/averageRT.jpg, id=11, 947.54pt x 520.94624pt>
File: data/averageRT.jpg Graphic file (type jpg)
 <use data/averageRT.jpg>
Package pdftex.def Info: data/averageRT.jpg used on input line 524.
(pdftex.def)             Requested size: 262.04987pt x 144.06747pt.

Overfull \hbox (9.0pt too wide) in paragraph at lines 524--525
[][] 
 []


LaTeX Warning: `h' float specifier changed to `ht'.

[2 <./data/retweetCount.jpg>] [3 <./data/degreesDistribution-eps-converted-to.p
df> <./data/averageRT.jpg>]
<data/evolutionAlphaParameter.jpg, id=36, 712.6625pt x 356.33125pt>
File: data/evolutionAlphaParameter.jpg Graphic file (type jpg)

<use data/evolutionAlphaParameter.jpg>
Package pdftex.def Info: data/evolutionAlphaParameter.jpg used on input line 54
8.
(pdftex.def)             Requested size: 262.04987pt x 131.02492pt.

Overfull \hbox (9.0pt too wide) in paragraph at lines 548--549
[][] 
 []

LaTeX Font Info:    External font `cmex10' loaded for size
(Font)              <8> on input line 549.
LaTeX Font Info:    External font `cmex10' loaded for size
(Font)              <6> on input line 549.
<data/approximationInf100.jpg, id=37, 675.4836pt x 304.9794pt>
File: data/approximationInf100.jpg Graphic file (type jpg)

<use data/approximationInf100.jpg>
Package pdftex.def Info: data/approximationInf100.jpg used on input line 562.
(pdftex.def)             Requested size: 262.04987pt x 118.31325pt.

Overfull \hbox (9.0pt too wide) in paragraph at lines 562--563
[][] 
 []

<data/approximationSup100.jpg, id=38, 675.4836pt x 304.9794pt>
File: data/approximationSup100.jpg Graphic file (type jpg)

<use data/approximationSup100.jpg>
Package pdftex.def Info: data/approximationSup100.jpg used on input line 569.
(pdftex.def)             Requested size: 262.04987pt x 118.31325pt.

Overfull \hbox (9.0pt too wide) in paragraph at lines 569--570
[][] 
 []


LaTeX Warning: `h' float specifier changed to `ht'.

[4 <./data/evolutionAlphaParameter.jpg> <./data/approximationInf100.jpg> <./dat
a/approximationSup100.jpg>]
<data/validationProportionsSim.jpg, id=45, 795.97375pt x 414.54875pt>
File: data/validationProportionsSim.jpg Graphic file (type jpg)

<use data/validationProportionsSim.jpg>
Package pdftex.def Info: data/validationProportionsSim.jpg used on input line 6
00.
(pdftex.def)             Requested size: 262.04987pt x 136.47258pt.

<data/validationProportionsObs.jpg, id=46, 788.9475pt x 409.53pt>
File: data/validationProportionsObs.jpg Graphic file (type jpg)

<use data/validationProportionsObs.jpg>
Package pdftex.def Info: data/validationProportionsObs.jpg used on input line 6
00.
(pdftex.def)             Requested size: 262.04987pt x 136.02641pt.

<data/validationModel.jpg, id=47, 785.93625pt x 414.54875pt>
File: data/validationModel.jpg Graphic file (type jpg)

<use data/validationModel.jpg>
Package pdftex.def Info: data/validationModel.jpg used on input line 611.
(pdftex.def)             Requested size: 262.04987pt x 138.22473pt.

Overfull \hbox (9.0pt too wide) in paragraph at lines 611--612
[][] 
 []

<data/evolutionAlpha.jpg, id=48, 775.89874pt x 407.5225pt>
File: data/evolutionAlpha.jpg Graphic file (type jpg)

<use data/evolutionAlpha.jpg>
Package pdftex.def Info: data/evolutionAlpha.jpg used on input line 641.
(pdftex.def)             Requested size: 262.04987pt x 137.6355pt.

Overfull \hbox (9.0pt too wide) in paragraph at lines 641--642
[][] 
 []


LaTeX Warning: `h' float specifier changed to `ht'.

[5 <./data/validationModel.jpg>]
<data/1outOf.jpg, id=52, 780.9175pt x 394.47375pt>
File: data/1outOf.jpg Graphic file (type jpg)
 <use data/1outOf.jpg>
Package pdftex.def Info: data/1outOf.jpg used on input line 656.
(pdftex.def)             Requested size: 262.04987pt x 132.37373pt.

Overfull \hbox (9.0pt too wide) in paragraph at lines 656--657
[][] 
 []


LaTeX Warning: `h' float specifier changed to `ht'.

[6 <./data/validationProportionsSim.jpg> <./data/validationProportionsObs.jpg> 
<./data/evolutionAlpha.jpg>]
Underfull \vbox (badness 10000) has occurred while \output is active []


(./bare_conf.bbl [7 <./data/1outOf.jpg>])

** Conference Paper **
Before submitting the final camera ready copy, remember to:

 1. Manually equalize the lengths of two columns on the last page
 of your paper;

 2. Ensure that any PostScript and/or PDF output post-processing
 uses only Type 1 fonts and that every step in the generation
 process uses the appropriate paper size.

[8

] (./bare_conf.aux) ) 
Here is how much of TeX's memory you used:
 2969 strings out of 493488
 49891 string characters out of 3141325
 112795 words of memory out of 3000000
 6250 multiletter control sequences out of 15000+200000
 37073 words of font info for 70 fonts, out of 3000000 for 9000
 960 hyphenation exceptions out of 8191
 38i,9n,47p,1924b,295s stack positions out of 5000i,500n,10000p,200000b,50000s
{/usr/local/texlive/2012/texmf-dist/fonts/enc/dvips/base/8
r.enc}</usr/local/texlive/2012/texmf-dist/fonts/type1/public/amsfonts/cm/cmmi10
.pfb></usr/local/texlive/2012/texmf-dist/fonts/type1/public/amsfonts/cm/cmmi7.p
fb></usr/local/texlive/2012/texmf-dist/fonts/type1/public/amsfonts/cm/cmmi8.pfb
></usr/local/texlive/2012/texmf-dist/fonts/type1/public/amsfonts/cm/cmr10.pfb><
/usr/local/texlive/2012/texmf-dist/fonts/type1/public/amsfonts/cm/cmr7.pfb></us
r/local/texlive/2012/texmf-dist/fonts/type1/public/amsfonts/cm/cmr8.pfb></usr/l
ocal/texlive/2012/texmf-dist/fonts/type1/public/amsfonts/cm/cmsy10.pfb></usr/lo
cal/texlive/2012/texmf-dist/fonts/type1/urw/times/utmb8a.pfb></usr/local/texliv
e/2012/texmf-dist/fonts/type1/urw/times/utmbi8a.pfb></usr/local/texlive/2012/te
xmf-dist/fonts/type1/urw/times/utmr8a.pfb></usr/local/texlive/2012/texmf-dist/f
onts/type1/urw/times/utmri8a.pfb>
Output written on bare_conf.pdf (8 pages, 922896 bytes).
PDF statistics:
 100 PDF objects out of 1000 (max. 8388607)
 62 compressed objects within 1 object stream
 0 named destinations out of 1000 (max. 500000)
 56 words of extra memory for PDF output out of 10000 (max. 10000000)

