This is pdfTeX, Version 3.1415926-2.5-1.40.14 (TeX Live 2013) (format=pdflatex 2014.6.6)  24 FEB 2015 11:10
entering extended mode
 restricted \write18 enabled.
 file:line:error style messages enabled.
 %&-line parsing enabled.
**bare_conf.tex
(./bare_conf.tex
LaTeX2e <2011/06/27>
Babel <3.9f> and hyphenation patterns for 78 languages loaded.
(./IEEEtran.cls
Document Class: IEEEtran 2012/11/21 V1.8c by Harald Hanche-Olsen and Anders Christensen
-- Based on V1.7a by Michael Shell
-- See the "IEEEtran_HOWTO" manual for usage information.
-- http://www.michaelshell.org/tex/ieeetran/
\@IEEEtrantmpdimenA=\dimen102
\@IEEEtrantmpdimenB=\dimen103
\@IEEEtrantmpcountA=\count79
\@IEEEtrantmpcountB=\count80
\@IEEEtrantmptoksA=\toks14
LaTeX Font Info:    Try loading font information for OT1+ptm on input line 373.
(/usr/local/texlive/2013/texmf-dist/tex/latex/psnfss/ot1ptm.fd
File: ot1ptm.fd 2001/06/04 font definitions for OT1/ptm.
)
-- Using 8.5in x 11in (letter) paper.
-- Using PDF output.
\@IEEEnormalsizeunitybaselineskip=\dimen104
-- This is a 10 point document.
\CLASSINFOnormalsizebaselineskip=\dimen105
\CLASSINFOnormalsizeunitybaselineskip=\dimen106
\IEEEnormaljot=\dimen107
LaTeX Font Info:    Font shape `OT1/ptm/bx/n' in size <5> not available
(Font)              Font shape `OT1/ptm/b/n' tried instead on input line 731.
LaTeX Font Info:    Font shape `OT1/ptm/bx/it' in size <5> not available
(Font)              Font shape `OT1/ptm/b/it' tried instead on input line 731.
LaTeX Font Info:    Font shape `OT1/ptm/bx/n' in size <7> not available
(Font)              Font shape `OT1/ptm/b/n' tried instead on input line 731.
LaTeX Font Info:    Font shape `OT1/ptm/bx/it' in size <7> not available
(Font)              Font shape `OT1/ptm/b/it' tried instead on input line 731.
LaTeX Font Info:    Font shape `OT1/ptm/bx/n' in size <8> not available
(Font)              Font shape `OT1/ptm/b/n' tried instead on input line 731.
LaTeX Font Info:    Font shape `OT1/ptm/bx/it' in size <8> not available
(Font)              Font shape `OT1/ptm/b/it' tried instead on input line 731.
LaTeX Font Info:    Font shape `OT1/ptm/bx/n' in size <9> not available
(Font)              Font shape `OT1/ptm/b/n' tried instead on input line 731.
LaTeX Font Info:    Font shape `OT1/ptm/bx/it' in size <9> not available
(Font)              Font shape `OT1/ptm/b/it' tried instead on input line 731.
LaTeX Font Info:    Font shape `OT1/ptm/bx/n' in size <10> not available
(Font)              Font shape `OT1/ptm/b/n' tried instead on input line 731.
LaTeX Font Info:    Font shape `OT1/ptm/bx/it' in size <10> not available
(Font)              Font shape `OT1/ptm/b/it' tried instead on input line 731.
LaTeX Font Info:    Font shape `OT1/ptm/bx/n' in size <11> not available
(Font)              Font shape `OT1/ptm/b/n' tried instead on input line 731.
LaTeX Font Info:    Font shape `OT1/ptm/bx/it' in size <11> not available
(Font)              Font shape `OT1/ptm/b/it' tried instead on input line 731.
LaTeX Font Info:    Font shape `OT1/ptm/bx/n' in size <12> not available
(Font)              Font shape `OT1/ptm/b/n' tried instead on input line 731.
LaTeX Font Info:    Font shape `OT1/ptm/bx/it' in size <12> not available
(Font)              Font shape `OT1/ptm/b/it' tried instead on input line 731.
LaTeX Font Info:    Font shape `OT1/ptm/bx/n' in size <17> not available
(Font)              Font shape `OT1/ptm/b/n' tried instead on input line 731.
LaTeX Font Info:    Font shape `OT1/ptm/bx/it' in size <17> not available
(Font)              Font shape `OT1/ptm/b/it' tried instead on input line 731.
LaTeX Font Info:    Font shape `OT1/ptm/bx/n' in size <20> not available
(Font)              Font shape `OT1/ptm/b/n' tried instead on input line 731.
LaTeX Font Info:    Font shape `OT1/ptm/bx/it' in size <20> not available
(Font)              Font shape `OT1/ptm/b/it' tried instead on input line 731.
LaTeX Font Info:    Font shape `OT1/ptm/bx/n' in size <24> not available
(Font)              Font shape `OT1/ptm/b/n' tried instead on input line 731.
LaTeX Font Info:    Font shape `OT1/ptm/bx/it' in size <24> not available
(Font)              Font shape `OT1/ptm/b/it' tried instead on input line 731.
\IEEEilabelindentA=\dimen108
\IEEEilabelindentB=\dimen109
\IEEEilabelindent=\dimen110
\IEEEelabelindent=\dimen111
\IEEEdlabelindent=\dimen112
\IEEElabelindent=\dimen113
\IEEEiednormlabelsep=\dimen114
\IEEEiedmathlabelsep=\dimen115
\IEEEiedtopsep=\skip41
\c@section=\count81
\c@subsection=\count82
\c@subsubsection=\count83
\c@paragraph=\count84
\c@IEEEsubequation=\count85
\abovecaptionskip=\skip42
\belowcaptionskip=\skip43
\c@figure=\count86
\c@table=\count87
\@IEEEeqnnumcols=\count88
\@IEEEeqncolcnt=\count89
\@IEEEtmpitemindent=\dimen116
\c@IEEEbiography=\count90
\@IEEEtranrubishbin=\box26
) (/usr/local/texlive/2013/texmf-dist/tex/latex/graphics/graphicx.sty
Package: graphicx 1999/02/16 v1.0f Enhanced LaTeX Graphics (DPC,SPQR)
 (/usr/local/texlive/2013/texmf-dist/tex/latex/graphics/keyval.sty
Package: keyval 1999/03/16 v1.13 key=value parser (DPC)
\KV@toks@=\toks15
) (/usr/local/texlive/2013/texmf-dist/tex/latex/graphics/graphics.sty
Package: graphics 2009/02/05 v1.0o Standard LaTeX Graphics (DPC,SPQR)
 (/usr/local/texlive/2013/texmf-dist/tex/latex/graphics/trig.sty
Package: trig 1999/03/16 v1.09 sin cos tan (DPC)
) (/usr/local/texlive/2013/texmf-dist/tex/latex/latexconfig/graphics.cfg
File: graphics.cfg 2010/04/23 v1.9 graphics configuration of TeX Live
)
Package graphics Info: Driver file: pdftex.def on input line 91.
 (/usr/local/texlive/2013/texmf-dist/tex/latex/pdftex-def/pdftex.def
File: pdftex.def 2011/05/27 v0.06d Graphics/color for pdfTeX
 (/usr/local/texlive/2013/texmf-dist/tex/generic/oberdiek/infwarerr.sty
Package: infwarerr 2010/04/08 v1.3 Providing info/warning/error messages (HO)
) (/usr/local/texlive/2013/texmf-dist/tex/generic/oberdiek/ltxcmds.sty
Package: ltxcmds 2011/11/09 v1.22 LaTeX kernel commands for general use (HO)
)
\Gread@gobject=\count91
))
\Gin@req@height=\dimen117
\Gin@req@width=\dimen118
) (/usr/local/texlive/2013/texmf-dist/tex/latex/subfig/subfig.sty
Package: subfig 2005/06/28 ver: 1.3 subfig package
 (/usr/local/texlive/2013/texmf-dist/tex/latex/caption/caption3.sty
Package: caption3 2013/05/02 v1.6-88 caption3 kernel (AR)
Package caption3 Info: TeX engine: e-TeX on input line 57.
\captionmargin=\dimen119
\captionmargin@=\dimen120
\captionwidth=\dimen121
\caption@tempdima=\dimen122
\caption@indent=\dimen123
\caption@parindent=\dimen124
\caption@hangindent=\dimen125
Package caption Info: Unknown document class (or package),
(caption)             standard defaults will be used.
)
\c@KVtest=\count92
\sf@farskip=\skip44
\sf@captopadj=\dimen126
\sf@capskip=\skip45
\sf@nearskip=\skip46
\c@subfigure=\count93
\c@subfigure@save=\count94
\c@lofdepth=\count95
\c@subtable=\count96
\c@subtable@save=\count97
\c@lotdepth=\count98
\sf@top=\skip47
\sf@bottom=\skip48
) (/Users/remy/GitHub/paperCNKyoto/.texpadtmp/bare_conf.aux)
\openout1 = `bare_conf.aux'.

LaTeX Font Info:    Checking defaults for OML/cmm/m/it on input line 354.
LaTeX Font Info:    ... okay on input line 354.
LaTeX Font Info:    Checking defaults for T1/cmr/m/n on input line 354.
LaTeX Font Info:    ... okay on input line 354.
LaTeX Font Info:    Checking defaults for OT1/cmr/m/n on input line 354.
LaTeX Font Info:    ... okay on input line 354.
LaTeX Font Info:    Checking defaults for OMS/cmsy/m/n on input line 354.
LaTeX Font Info:    ... okay on input line 354.
LaTeX Font Info:    Checking defaults for OMX/cmex/m/n on input line 354.
LaTeX Font Info:    ... okay on input line 354.
LaTeX Font Info:    Checking defaults for U/cmr/m/n on input line 354.
LaTeX Font Info:    ... okay on input line 354.
 (/usr/local/texlive/2013/texmf-dist/tex/context/base/supp-pdf.mkii
[Loading MPS to PDF converter (version 2006.09.02).]
\scratchcounter=\count99
\scratchdimen=\dimen127
\scratchbox=\box27
\nofMPsegments=\count100
\nofMParguments=\count101
\everyMPshowfont=\toks16
\MPscratchCnt=\count102
\MPscratchDim=\dimen128
\MPnumerator=\count103
\makeMPintoPDFobject=\count104
\everyMPtoPDFconversion=\toks17
) (/usr/local/texlive/2013/texmf-dist/tex/generic/oberdiek/pdftexcmds.sty
Package: pdftexcmds 2011/11/29 v0.20 Utility functions of pdfTeX for LuaTeX (HO)
 (/usr/local/texlive/2013/texmf-dist/tex/generic/oberdiek/ifluatex.sty
Package: ifluatex 2010/03/01 v1.3 Provides the ifluatex switch (HO)
Package ifluatex Info: LuaTeX not detected.
) (/usr/local/texlive/2013/texmf-dist/tex/generic/oberdiek/ifpdf.sty
Package: ifpdf 2011/01/30 v2.3 Provides the ifpdf switch (HO)
Package ifpdf Info: pdfTeX in PDF mode is detected.
)
Package pdftexcmds Info: LuaTeX not detected.
Package pdftexcmds Info: \pdf@primitive is available.
Package pdftexcmds Info: \pdf@ifprimitive is available.
Package pdftexcmds Info: \pdfdraftmode found.
) (/usr/local/texlive/2013/texmf-dist/tex/latex/oberdiek/epstopdf-base.sty
Package: epstopdf-base 2010/02/09 v2.5 Base part for package epstopdf
 (/usr/local/texlive/2013/texmf-dist/tex/latex/oberdiek/grfext.sty
Package: grfext 2010/08/19 v1.1 Manage graphics extensions (HO)
 (/usr/local/texlive/2013/texmf-dist/tex/generic/oberdiek/kvdefinekeys.sty
Package: kvdefinekeys 2011/04/07 v1.3 Define keys (HO)
)) (/usr/local/texlive/2013/texmf-dist/tex/latex/oberdiek/kvoptions.sty
Package: kvoptions 2011/06/30 v3.11 Key value format for package options (HO)
 (/usr/local/texlive/2013/texmf-dist/tex/generic/oberdiek/kvsetkeys.sty
Package: kvsetkeys 2012/04/25 v1.16 Key value parser (HO)
 (/usr/local/texlive/2013/texmf-dist/tex/generic/oberdiek/etexcmds.sty
Package: etexcmds 2011/02/16 v1.5 Avoid name clashes with e-TeX commands (HO)
Package etexcmds Info: Could not find \expanded.
(etexcmds)             That can mean that you are not using pdfTeX 1.50 or
(etexcmds)             that some package has redefined \expanded.
(etexcmds)             In the latter case, load this package earlier.
)))
Package grfext Info: Graphics extension search list:
(grfext)             [.png,.pdf,.jpg,.mps,.jpeg,.jbig2,.jb2,.PNG,.PDF,.JPG,.JPEG,.JBIG2,.JB2,.eps]
(grfext)             \AppendGraphicsExtensions on input line 452.
 (/usr/local/texlive/2013/texmf-dist/tex/latex/latexconfig/epstopdf-sys.cfg
File: epstopdf-sys.cfg 2010/07/13 v1.3 Configuration of (r)epstopdf for TeX Live
))
Package caption Info: Begin \AtBeginDocument code.
Package caption Info: subfig package v1.3 is loaded.
Package caption Info: End \AtBeginDocument code.


LaTeX Warning: Citation `howard2011opening' on page 1 undefined on input line 458.


LaTeX Warning: Citation `bakshy2011everyone' on page 1 undefined on input line 474.

[1{/usr/local/texlive/2013/texmf-var/fonts/map/pdftex/updmap/pdftex.map}


]

LaTeX Warning: Citation `suh2010want' on page 2 undefined on input line 476.


LaTeX Warning: Citation `krishnamurthy2008few' on page 2 undefined on input line 478.


LaTeX Warning: Citation `kwak2010twitter' on page 2 undefined on input line 481.


LaTeX Warning: Citation `cha2010measuring' on page 2 undefined on input line 483.


LaTeX Warning: Citation `toriumi2013information' on page 2 undefined on input line 492.

LaTeX Font Info:    External font `cmex10' loaded for size
(Font)              <7> on input line 492.
LaTeX Font Info:    External font `cmex10' loaded for size
(Font)              <5> on input line 492.

Underfull \hbox (badness 10000) in paragraph at lines 494--495

 []

<data/retweetCount.jpg, id=9, 904.37875pt x 549.05125pt>
File: data/retweetCount.jpg Graphic file (type jpg)
 <use data/retweetCount.jpg>
Package pdftex.def Info: data/retweetCount.jpg used on input line 504.
(pdftex.def)             Requested size: 262.04987pt x 159.08673pt.

Overfull \hbox (9.0pt too wide) in paragraph at lines 504--505
[][] 
 []

Package epstopdf Info: Source file: <data/degreesDistribution.eps>
(epstopdf)                    date: 2013-07-26 16:13:42
(epstopdf)                    size: 379029 bytes
(epstopdf)             Output file: <data/degreesDistribution-eps-converted-to.pdf>
(epstopdf)                    date: 2013-08-29 15:36:32
(epstopdf)                    size: 82990 bytes
(epstopdf)             Command: <repstopdf --outfile=data/degreesDistribution-eps-converted-to.pdf data/degreesDistribution.eps>
(epstopdf)             \includegraphics on input line 511.
Package epstopdf Info: Output file is already uptodate.
<data/degreesDistribution-eps-converted-to.pdf, id=10, 682.55pt x 481.8pt>
File: data/degreesDistribution-eps-converted-to.pdf Graphic file (type pdf)
 <use data/degreesDistribution-eps-converted-to.pdf>
Package pdftex.def Info: data/degreesDistribution-eps-converted-to.pdf used on input line 511.
(pdftex.def)             Requested size: 262.04987pt x 184.97527pt.

Overfull \hbox (9.0pt too wide) in paragraph at lines 511--512
[][] 
 []


LaTeX Warning: `h' float specifier changed to `ht'.

<data/averageRT.jpg, id=11, 947.54pt x 520.94624pt>
File: data/averageRT.jpg Graphic file (type jpg)
 <use data/averageRT.jpg>
Package pdftex.def Info: data/averageRT.jpg used on input line 527.
(pdftex.def)             Requested size: 262.04987pt x 144.06747pt.

Overfull \hbox (9.0pt too wide) in paragraph at lines 527--528
[][] 
 []


LaTeX Warning: `h' float specifier changed to `ht'.


LaTeX Warning: Citation `boyd2010tweet' on page 2 undefined on input line 534.

[2 <./data/retweetCount.jpg>]

LaTeX Warning: Citation `bakshy2011everyone' on page 3 undefined on input line 537.


LaTeX Warning: Citation `clauset2009power' on page 3 undefined on input line 539.


LaTeX Warning: Citation `clauset2009power' on page 3 undefined on input line 546.

[3 <./data/degreesDistribution-eps-converted-to.pdf> <./data/averageRT.jpg>] <data/evolutionAlphaParameter.jpg, id=36, 712.6625pt x 356.33125pt>
File: data/evolutionAlphaParameter.jpg Graphic file (type jpg)
 <use data/evolutionAlphaParameter.jpg>
Package pdftex.def Info: data/evolutionAlphaParameter.jpg used on input line 551.
(pdftex.def)             Requested size: 262.04987pt x 131.02492pt.

Overfull \hbox (9.0pt too wide) in paragraph at lines 551--552
[][] 
 []

LaTeX Font Info:    External font `cmex10' loaded for size
(Font)              <8> on input line 552.
LaTeX Font Info:    External font `cmex10' loaded for size
(Font)              <6> on input line 552.
<data/approximationInf100.jpg, id=37, 675.4836pt x 304.9794pt>
File: data/approximationInf100.jpg Graphic file (type jpg)
 <use data/approximationInf100.jpg>
Package pdftex.def Info: data/approximationInf100.jpg used on input line 565.
(pdftex.def)             Requested size: 262.04987pt x 118.31325pt.

Overfull \hbox (9.0pt too wide) in paragraph at lines 565--566
[][] 
 []

<data/approximationSup100.jpg, id=38, 675.4836pt x 304.9794pt>
File: data/approximationSup100.jpg Graphic file (type jpg)
 <use data/approximationSup100.jpg>
Package pdftex.def Info: data/approximationSup100.jpg used on input line 572.
(pdftex.def)             Requested size: 262.04987pt x 118.31325pt.

Overfull \hbox (9.0pt too wide) in paragraph at lines 572--573
[][] 
 []


LaTeX Warning: `h' float specifier changed to `ht'.


LaTeX Warning: Citation `bakshy2011everyone' on page 4 undefined on input line 580.


LaTeX Warning: Citation `yang2010understanding' on page 4 undefined on input line 583.


LaTeX Warning: Citation `yang2010predicting' on page 4 undefined on input line 585.

[4 <./data/evolutionAlphaParameter.jpg> <./data/approximationInf100.jpg> <./data/approximationSup100.jpg>] <data/validationProportionsSim.jpg, id=45, 795.97375pt x 414.54875pt>
File: data/validationProportionsSim.jpg Graphic file (type jpg)
 <use data/validationProportionsSim.jpg>
Package pdftex.def Info: data/validationProportionsSim.jpg used on input line 603.
(pdftex.def)             Requested size: 262.04987pt x 136.47258pt.
 <data/validationProportionsObs.jpg, id=46, 788.9475pt x 409.53pt>
File: data/validationProportionsObs.jpg Graphic file (type jpg)
 <use data/validationProportionsObs.jpg>
Package pdftex.def Info: data/validationProportionsObs.jpg used on input line 603.
(pdftex.def)             Requested size: 262.04987pt x 136.02641pt.
 <data/validationModel.jpg, id=47, 785.93625pt x 414.54875pt>
File: data/validationModel.jpg Graphic file (type jpg)
 <use data/validationModel.jpg>
Package pdftex.def Info: data/validationModel.jpg used on input line 614.
(pdftex.def)             Requested size: 262.04987pt x 138.22473pt.

Overfull \hbox (9.0pt too wide) in paragraph at lines 614--615
[][] 
 []


LaTeX Warning: Citation `sakaki2010earthquake' on page 5 undefined on input line 640.


LaTeX Warning: Citation `earle2010omg' on page 5 undefined on input line 640.


LaTeX Warning: Citation `mendoza2010twitter' on page 5 undefined on input line 640.


LaTeX Warning: Citation `li2010twitter' on page 5 undefined on input line 640.

<data/evolutionAlpha.jpg, id=48, 775.89874pt x 407.5225pt>
File: data/evolutionAlpha.jpg Graphic file (type jpg)
 <use data/evolutionAlpha.jpg>
Package pdftex.def Info: data/evolutionAlpha.jpg used on input line 644.
(pdftex.def)             Requested size: 262.04987pt x 137.6355pt.

Overfull \hbox (9.0pt too wide) in paragraph at lines 644--645
[][] 
 []


LaTeX Warning: `h' float specifier changed to `ht'.

[5 <./data/validationModel.jpg>]

LaTeX Warning: Citation `tinati2012identifying' on page 6 undefined on input line 656.

<data/1outOf.jpg, id=52, 780.9175pt x 394.47375pt>
File: data/1outOf.jpg Graphic file (type jpg)
 <use data/1outOf.jpg>
Package pdftex.def Info: data/1outOf.jpg used on input line 659.
(pdftex.def)             Requested size: 262.04987pt x 132.37373pt.

Overfull \hbox (9.0pt too wide) in paragraph at lines 659--660
[][] 
 []


LaTeX Warning: `h' float specifier changed to `ht'.

[6 <./data/validationProportionsSim.jpg> <./data/validationProportionsObs.jpg> <./data/evolutionAlpha.jpg>]

LaTeX Warning: Citation `bakshy2011everyone' on page 7 undefined on input line 668.


Underfull \vbox (badness 10000) has occurred while \output is active []

 (/Users/remy/GitHub/paperCNKyoto/.texpadtmp/bare_conf.bbl

/Users/remy/GitHub/paperCNKyoto/.texpadtmp/bare_conf.bbl:24: LaTeX Error: Something's wrong--perhaps a missing \item.

See the LaTeX manual or LaTeX Companion for explanation.
Type  H <return>  for immediate help.
 ...                                              
                                                  
l.24 \end{thebibliography}
                          
Try typing  <return>  to proceed.
If that doesn't work, type  X <return>  to quit.

)

** Conference Paper **
Before submitting the final camera ready copy, remember to:

 1. Manually equalize the lengths of two columns on the last page
 of your paper;

 2. Ensure that any PostScript and/or PDF output post-processing
 uses only Type 1 fonts and that every step in the generation
 process uses the appropriate paper size.

[7 <./data/1outOf.jpg>] (/Users/remy/GitHub/paperCNKyoto/.texpadtmp/bare_conf.aux)

LaTeX Warning: There were undefined references.

 ) 
Here is how much of TeX's memory you used:
 2995 strings out of 493315
 50765 string characters out of 6137905
 116558 words of memory out of 5000000
 6421 multiletter control sequences out of 15000+600000
 35937 words of font info for 69 fonts, out of 8000000 for 9000
 960 hyphenation exceptions out of 8191
 38i,9n,48p,1924b,297s stack positions out of 5000i,500n,10000p,200000b,80000s
{/usr/local/texlive/2013/texmf-dist/fonts/enc/dvips/base/8r.enc}</usr/local/texlive/2013/texmf-dist/fonts/type1/public/amsfonts/cm/cmmi10.pfb></usr/local/texlive/2013/texmf-dist/fonts/type1/public/amsfonts/cm/cmmi7.pfb></usr/local/texlive/2013/texmf-dist/fonts/type1/public/amsfonts/cm/cmmi8.pfb></usr/local/texlive/2013/texmf-dist/fonts/type1/public/amsfonts/cm/cmr10.pfb></usr/local/texlive/2013/texmf-dist/fonts/type1/public/amsfonts/cm/cmr7.pfb></usr/local/texlive/2013/texmf-dist/fonts/type1/public/amsfonts/cm/cmr8.pfb></usr/local/texlive/2013/texmf-dist/fonts/type1/public/amsfonts/cm/cmsy10.pfb></usr/local/texlive/2013/texmf-dist/fonts/type1/urw/times/utmb8a.pfb></usr/local/texlive/2013/texmf-dist/fonts/type1/urw/times/utmbi8a.pfb></usr/local/texlive/2013/texmf-dist/fonts/type1/urw/times/utmr8a.pfb></usr/local/texlive/2013/texmf-dist/fonts/type1/urw/times/utmri8a.pfb>
Output written on /Users/remy/GitHub/paperCNKyoto/.texpadtmp/bare_conf.pdf (7 pages, 916414 bytes).
PDF statistics:
 97 PDF objects out of 1000 (max. 8388607)
 60 compressed objects within 1 object stream
 0 named destinations out of 1000 (max. 500000)
 56 words of extra memory for PDF output out of 10000 (max. 10000000)

